
----------------------------------------------------------------------------
--                            Design Analysis                             --
----------------------------------------------------------------------------
Analyze pcore plbv46_wb_bridge ...


----------------------------------------------------------------------------
--                            Design Analysis                             --
----------------------------------------------------------------------------
Analyze pcore plbv46_wb_bridge ...

INFO:MDT - Generic parameter C_BASEADDR/C_HIGHADDR will not be used since user
   does not have any register space ...

----------------------------------------------------------------------------
--                            File Generation                             --
----------------------------------------------------------------------------
Creating HDL source directory ...
Generating top peripheral VHDL template ...
Generating stub user logic VHDL template ...
HDL templates successfully generated ...
Creating data directory ...
Generating XPS inteface files ...
Compiling vhdl file
"C:/EDK/hw/XilinxProcessorIPLib/pcores/proc_common_v2_00_a/hdl/vhdl/proc_common_
pkg.vhd" in Library proc_common_v2_00_a.
Package <proc_common_pkg> compiled.
Package body <proc_common_pkg> compiled.
Compiling vhdl file
"C:/EDK/hw/XilinxProcessorIPLib/pcores/proc_common_v2_00_a/hdl/vhdl/or_muxcy.vhd
" in Library proc_common_v2_00_a.
Entity <or_muxcy> compiled.
Entity <or_muxcy> (Architecture <implementation>) compiled.
Compiling vhdl file
"C:/EDK/hw/XilinxProcessorIPLib/pcores/proc_common_v2_00_a/hdl/vhdl/family_suppo
rt.vhd" in Library proc_common_v2_00_a.
Package <family_support> compiled.
Package body <family_support> compiled.
Compiling vhdl file
"C:/EDK/hw/XilinxProcessorIPLib/pcores/proc_common_v2_00_a/hdl/vhdl/counter_f.vh
d" in Library proc_common_v2_00_a.
Entity <counter_f> compiled.
Entity <counter_f> (Architecture <imp>) compiled.
Compiling vhdl file
"C:/EDK/hw/XilinxProcessorIPLib/pcores/proc_common_v2_00_a/hdl/vhdl/pselect_f.vh
d" in Library proc_common_v2_00_a.
Entity <pselect_f> compiled.
Entity <pselect_f> (Architecture <imp>) compiled.
Compiling vhdl file
"C:/EDK/hw/XilinxProcessorIPLib/pcores/proc_common_v2_00_a/hdl/vhdl/or_gate128.v
hd" in Library proc_common_v2_00_a.
Entity <or_gate128> compiled.
Entity <or_gate128> (Architecture <imp>) compiled.
Compiling vhdl file
"C:/EDK/hw/XilinxProcessorIPLib/pcores/proc_common_v2_00_a/hdl/vhdl/ipif_pkg.vhd
" in Library proc_common_v2_00_a.
Package <ipif_pkg> compiled.
Package body <ipif_pkg> compiled.
Compiling vhdl file
"C:/EDK/hw/XilinxProcessorIPLib/pcores/plbv46_slave_single_v1_00_a/hdl/vhdl/plb_
address_decoder.vhd" in Library plbv46_slave_single_v1_00_a.
Entity <plb_address_decoder> compiled.
Entity <plb_address_decoder> (Architecture <IMP>) compiled.
Compiling vhdl file
"C:/EDK/hw/XilinxProcessorIPLib/pcores/plbv46_slave_single_v1_00_a/hdl/vhdl/plb_
slave_attachment.vhd" in Library plbv46_slave_single_v1_00_a.
Entity <plb_slave_attachment> compiled.
Entity <plb_slave_attachment> (Architecture <implementation>) compiled.
Compiling vhdl file
"C:/EDK/hw/XilinxProcessorIPLib/pcores/plbv46_slave_single_v1_00_a/hdl/vhdl/plbv
46_slave_single.vhd" in Library plbv46_slave_single_v1_00_a.
Entity <plbv46_slave_single> compiled.
Entity <plbv46_slave_single> (Architecture <implementation>) compiled.
Compiling vhdl file
"D:/Telops/Common_HDL/edk_cores/MyProcessorIPLib/pcores/plbv46_wb_bridge_v1_00_a
/data/../hdl/vhdl/user_logic.vhd" in Library plbv46_wb_bridge_v1_00_a.
Entity <user_logic> compiled.
Entity <user_logic> (Architecture <IMP>) compiled.
Compiling vhdl file
"D:/Telops/Common_HDL/edk_cores/MyProcessorIPLib/pcores/plbv46_wb_bridge_v1_00_a
/data/../hdl/vhdl/plbv46_wb_bridge.vhd" in Library plbv46_wb_bridge_v1_00_a.
Entity <plbv46_wb_bridge> compiled.
Entity <plbv46_wb_bridge> (Architecture <IMP>) compiled.


Analyzing HDL attributes ...
INFO:MDT - IPTYPE set to value : PERIPHERAL
INFO:MDT - IMP_NETLIST set to value : TRUE
INFO:MDT - HDL set to value : VHDL
WARNING:MDT - Unable to delete temparary XST project file
   D:\Telops\Common_HDL\edk_cores\MyProcessorIPLib\pcores\plbv46_wb_bridge_v1_00
   _a\data\_plbv46_wb_bridge_xst.prj : 13
XPS interface files successfully generated ...
Creating development directory ...
Generating command option file ...
Generating readme file ...
Development misc files successfully generated ...
Creating projnav directory ...
Generating ProjNav support files ...
ProjNav support files successfully generated ...
Creating synthesis directory ...
Generating XST synthesis support files ...
XST synthesis support files successfully generated ...
No BFM simulation files will be generated at this time ...
Creating software driver data directory ...
Generating software driver XPS interface (mdd/tcl) files ...
Software driver data definition file (.mdd) successfully generated ...
Software driver data generation file (.tcl) successfully generated ...
Creating software driver src directory ...
Generating software driver template files ...
Software driver compile file (Makefile) successfully generated ...
Software driver header file (.h) successfully generated ...
Software driver source file (.c) successfully generated ...
Software driver SelfTest file (.c) successfully generated ...
Software driver template files successfully generated ...

----------------------------------------------------------------------------
--                              Final Report                              --
----------------------------------------------------------------------------
Thank you for using Create and Import Peripheral Wizard! Please find your
peripheral hardware templates under
D:\Telops\Common_HDL\edk_cores\MyProcessorIPLib/pcores/plbv46_wb_bridge_v1_00_a
and peripheral software templates under
D:\Telops\Common_HDL\edk_cores\MyProcessorIPLib/drivers/plbv46_wb_bridge_v1_00_a
respectively.

Peripheral Summary:

  top name       : plbv46_wb_bridge
  version        : 1.00.a
  type           : PLB (v4.6) slave
  features       : slave attachment
                   user memory spaces

Address Block Summary:

  user memory 0  : C_MEM0_BASEADDR
                 : C_MEM0_HIGHADDR

File Summary

  - HDL source -
D:\Telops\Common_HDL\edk_cores\MyProcessorIPLib/pcores/plbv46_wb_bridge_v1_00_a/
hdl
  top entity     : vhdl/plbv46_wb_bridge.vhd
  user logic     : vhdl/user_logic.vhd

  - XPS interface -
D:\Telops\Common_HDL\edk_cores\MyProcessorIPLib/pcores/plbv46_wb_bridge_v1_00_a/
data
  mpd            : plbv46_wb_bridge_v2_1_0.mpd
  pao            : plbv46_wb_bridge_v2_1_0.pao

  - ISE project -
D:\Telops\Common_HDL\edk_cores\MyProcessorIPLib/pcores/plbv46_wb_bridge_v1_00_a/
devl/projnav
  ise project    : plbv46_wb_bridge.ise
  cli command    : plbv46_wb_bridge.cli


  - XST synthesis -
D:\Telops\Common_HDL\edk_cores\MyProcessorIPLib/pcores/plbv46_wb_bridge_v1_00_a/
devl/synthesis
  xst script     : plbv46_wb_bridge_xst.scr
  xst project    : plbv46_wb_bridge_xst.prj

  - Misc file -
D:\Telops\Common_HDL\edk_cores\MyProcessorIPLib/pcores/plbv46_wb_bridge_v1_00_a/
devl
  help           : README.txt
  option         : ipwiz.opt
  log            : ipwiz.log

  - Driver source -
D:\Telops\Common_HDL\edk_cores\MyProcessorIPLib/drivers/plbv46_wb_bridge_v1_00_a
/src
  makefile       : Makefile
  header         : plbv46_wb_bridge.h
  source         : plbv46_wb_bridge.c
  selftest       : plbv46_wb_bridge_selftest.c

  - Driver interface -
D:\Telops\Common_HDL\edk_cores\MyProcessorIPLib/drivers/plbv46_wb_bridge_v1_00_a
/data
  mdd            : plbv46_wb_bridge_v2_1_0.mdd
  tcl            : plbv46_wb_bridge_v2_1_0.tcl


