
----------------------------------------------------------------------------
--                            Design Analysis                             --
----------------------------------------------------------------------------
Analyze pcore ss_ctrl_reg ...


----------------------------------------------------------------------------
--                            File Generation                             --
----------------------------------------------------------------------------
Creating HDL source directory ...
Generating top peripheral VHDL template ...
Generating stub user logic VHDL template ...
HDL templates successfully generated ...
Creating data directory ...
Generating XPS inteface files ...
Compiling vhdl file
"C:/Xilinx/10.1/EDK/hw/XilinxProcessorIPLib/pcores/proc_common_v2_00_a/hdl/vhdl/
proc_common_pkg.vhd" in Library proc_common_v2_00_a.
Package <proc_common_pkg> compiled.
Package body <proc_common_pkg> compiled.
Compiling vhdl file
"C:/Xilinx/10.1/EDK/hw/XilinxProcessorIPLib/pcores/proc_common_v2_00_a/hdl/vhdl/
or_muxcy.vhd" in Library proc_common_v2_00_a.
Entity <or_muxcy> compiled.
Entity <or_muxcy> (Architecture <implementation>) compiled.
Compiling vhdl file
"C:/Xilinx/10.1/EDK/hw/XilinxProcessorIPLib/pcores/proc_common_v2_00_a/hdl/vhdl/
family_support.vhd" in Library proc_common_v2_00_a.
Package <family_support> compiled.
Package body <family_support> compiled.
Compiling vhdl file
"C:/Xilinx/10.1/EDK/hw/XilinxProcessorIPLib/pcores/proc_common_v2_00_a/hdl/vhdl/
counter_f.vhd" in Library proc_common_v2_00_a.
Entity <counter_f> compiled.
Entity <counter_f> (Architecture <imp>) compiled.
Compiling vhdl file
"C:/Xilinx/10.1/EDK/hw/XilinxProcessorIPLib/pcores/proc_common_v2_00_a/hdl/vhdl/
pselect_f.vhd" in Library proc_common_v2_00_a.
Entity <pselect_f> compiled.
Entity <pselect_f> (Architecture <imp>) compiled.
Compiling vhdl file
"C:/Xilinx/10.1/EDK/hw/XilinxProcessorIPLib/pcores/proc_common_v2_00_a/hdl/vhdl/
or_gate128.vhd" in Library proc_common_v2_00_a.
Entity <or_gate128> compiled.
Entity <or_gate128> (Architecture <imp>) compiled.
Compiling vhdl file
"C:/Xilinx/10.1/EDK/hw/XilinxProcessorIPLib/pcores/proc_common_v2_00_a/hdl/vhdl/
ipif_pkg.vhd" in Library proc_common_v2_00_a.
Package <ipif_pkg> compiled.
Package body <ipif_pkg> compiled.
Compiling vhdl file
"C:/Xilinx/10.1/EDK/hw/XilinxProcessorIPLib/pcores/plbv46_slave_single_v1_00_a/h
dl/vhdl/plb_address_decoder.vhd" in Library plbv46_slave_single_v1_00_a.
Entity <plb_address_decoder> compiled.
Entity <plb_address_decoder> (Architecture <IMP>) compiled.
Compiling vhdl file
"C:/Xilinx/10.1/EDK/hw/XilinxProcessorIPLib/pcores/plbv46_slave_single_v1_00_a/h
dl/vhdl/plb_slave_attachment.vhd" in Library plbv46_slave_single_v1_00_a.
Entity <plb_slave_attachment> compiled.
Entity <plb_slave_attachment> (Architecture <implementation>) compiled.
Compiling vhdl file
"C:/Xilinx/10.1/EDK/hw/XilinxProcessorIPLib/pcores/plbv46_slave_single_v1_00_a/h
dl/vhdl/plbv46_slave_single.vhd" in Library plbv46_slave_single_v1_00_a.
Entity <plbv46_slave_single> compiled.
Entity <plbv46_slave_single> (Architecture <implementation>) compiled.
Compiling vhdl file
"D:/Telops/work/sd_card/edk_proj1/pcores/ss_ctrl_reg_v1_00_a/data/../hdl/vhdl/us
er_logic.vhd" in Library ss_ctrl_reg_v1_00_a.
WARNING:HDLParsers:3530 - Time stamp of file
   "D:/Telops/work/sd_card/edk_proj1/pcores/ss_ctrl_reg_v1_00_a/data/../hdl/vhdl
   /user_logic.vhd" is newer than current system time.
Entity <user_logic> compiled.
Entity <user_logic> (Architecture <IMP>) compiled.
Compiling vhdl file
"D:/Telops/work/sd_card/edk_proj1/pcores/ss_ctrl_reg_v1_00_a/data/../hdl/vhdl/ss
_ctrl_reg.vhd" in Library ss_ctrl_reg_v1_00_a.
WARNING:HDLParsers:3530 - Time stamp of file
   "D:/Telops/work/sd_card/edk_proj1/pcores/ss_ctrl_reg_v1_00_a/data/../hdl/vhdl
   /ss_ctrl_reg.vhd" is newer than current system time.
Entity <ss_ctrl_reg> compiled.
Entity <ss_ctrl_reg> (Architecture <IMP>) compiled.


Analyzing HDL attributes ...
INFO:MDT - IPTYPE set to value : PERIPHERAL
INFO:MDT - IMP_NETLIST set to value : TRUE
INFO:MDT - HDL set to value : VHDL
WARNING:MDT - Unable to delete temparary XST project file
   D:\Telops\work\sd_card\edk_proj1\pcores\ss_ctrl_reg_v1_00_a\data\_ss_ctrl_reg
   _xst.prj : 13
XPS interface files successfully generated ...
Creating development directory ...
Generating command option file ...
Generating readme file ...
Development misc files successfully generated ...
No ProjNavigator support files will be generated at this time ...
No XST synthesis support files will be generated at this time ...
No BFM simulation files will be generated at this time ...
Creating software driver data directory ...
Generating software driver XPS interface (mdd/tcl) files ...
Software driver data definition file (.mdd) successfully generated ...
Software driver data generation file (.tcl) successfully generated ...
Creating software driver src directory ...
Generating software driver template files ...
Software driver compile file (Makefile) successfully generated ...
output user slave register(s) offset to software driver header ...
Software driver header file (.h) successfully generated ...
Software driver source file (.c) successfully generated ...
Software driver SelfTest file (.c) successfully generated ...
Software driver template files successfully generated ...

----------------------------------------------------------------------------
--                              Final Report                              --
----------------------------------------------------------------------------
Thank you for using Create and Import Peripheral Wizard! Please find your
peripheral hardware templates under
D:\Telops\work\sd_card\edk_proj1/pcores/ss_ctrl_reg_v1_00_a and peripheral
software templates under
D:\Telops\work\sd_card\edk_proj1/drivers/ss_ctrl_reg_v1_00_a respectively.

Peripheral Summary:

  top name       : ss_ctrl_reg
  version        : 1.00.a
  type           : PLB (v4.6) slave
  features       : slave attachment
                   user s/w registers

Address Block Summary:

  user logic slv : C_BASEADDR + 0x00000000
                 : C_BASEADDR + 0x000000FF

File Summary

  - HDL source -
  D:\Telops\work\sd_card\edk_proj1/pcores/ss_ctrl_reg_v1_00_a/hdl
  top entity     : vhdl/ss_ctrl_reg.vhd
  user logic     : vhdl/user_logic.vhd

  - XPS interface -
  D:\Telops\work\sd_card\edk_proj1/pcores/ss_ctrl_reg_v1_00_a/data
  mpd            : ss_ctrl_reg_v2_1_0.mpd
  pao            : ss_ctrl_reg_v2_1_0.pao

  - Misc file -
  D:\Telops\work\sd_card\edk_proj1/pcores/ss_ctrl_reg_v1_00_a/devl
  help           : README.txt
  option         : ipwiz.opt
  log            : ipwiz.log

  - Driver source -
  D:\Telops\work\sd_card\edk_proj1/drivers/ss_ctrl_reg_v1_00_a/src
  makefile       : Makefile
  header         : ss_ctrl_reg.h
  source         : ss_ctrl_reg.c
  selftest       : ss_ctrl_reg_selftest.c

  - Driver interface -
  D:\Telops\work\sd_card\edk_proj1/drivers/ss_ctrl_reg_v1_00_a/data
  mdd            : ss_ctrl_reg_v2_1_0.mdd
  tcl            : ss_ctrl_reg_v2_1_0.tcl


