elbread.dll ver. 1.0.5.375 Tue Jun 01 14:30:38 2010


-----------------------------------------------------------------
Entity                   | Architecture         | Library      
-----------------------------------------------------------------
fp32_sqrt_tb_tb          | tb_architecture      | fp_sqrt_tb
fp32_sqrt_tb             | fp32_sqrt_tb         | fp_sqrt_tb
LL_file_input            | sim                  | common_hdl
LL_sqrt_float32          | rtl                  | common_hdl
LL_RandomMiso32          | rtl                  | common_hdl
LL_file_output           | sim                  | common_hdl
sync_reset               | rtl                  | common_hdl
fp_sqrt_float32_l8       | fp_sqrt_float32_l8_a | common_hdl
floating_point_v4_0      | behavioral           | xilinxcorelib
floating_point_v4_0_xst  | behavioral           | xilinxcorelib
flt_pt_operator_v4_0     | behavioral           | xilinxcorelib
---------------------------------------------------------------

-----------------------------------------------
Package                       | Library      
-----------------------------------------------
standard                      | std
TEXTIO                        | std
std_logic_1164                | ieee
NUMERIC_STD                   | ieee
Telops                        | common_hdl
STD_LOGIC_TEXTIO              | ieee
std_logic_arith               | ieee
MATH_REAL                     | ieee
floating_point_v4_0_consts    | xilinxcorelib
floating_point_v4_0_xst_comp  | xilinxcorelib
STD_LOGIC_UNSIGNED            | ieee
bip_utils_pkg_v1_0            | xilinxcorelib
telops_testing                | common_hdl
fixed_pkg                     | ieee_proposed
float_pkg                     | ieee_proposed
floating_point_pkg_v4_0       | xilinxcorelib
---------------------------------------------

------------------------------------------
Configuration               | Library   
------------------------------------------
testbench_for_fp32_sqrt_tb  | fp_sqrt_tb
----------------------------------------
