elbread.dll ver. 1.0.5.375 Tue Jun 01 09:16:43 2010


------------------------------------------------------
Entity               | Architecture     | Library   
------------------------------------------------------
fp32tofix_16u_tb_tb  | tb_architecture  | fp32tofix
fp32tofix_16u_TB     | fp32tofix_16u_tb | fp32tofix
fp32tofix_16u        | structure        | fp32tofix
LL_RandomMiso32      | rtl              | common_hdl
LL_file_input_bfp    | sim              | common_hdl
LL_file_output       | sim              | common_hdl
SHIFT_REG            | rtl              | common_hdl
fixtofp32_16u        | structure        | fixtofp32
fde                  | fde_v            | unisim
srl16e               | srl16e_v         | unisim
lut3_l               | lut3_l_v         | unisim
lut4_l               | lut4_l_v         | unisim
lut2_l               | lut2_l_v         | unisim
lut4_d               | lut4_d_v         | unisim
lut3_d               | lut3_d_v         | unisim
lut2_d               | lut2_d_v         | unisim
muxf5                | muxf5_v          | unisim
lut3                 | lut3_v           | unisim
inv                  | inv_v            | unisim
lut4                 | lut4_v           | unisim
lut1                 | lut1_v           | unisim
lut2                 | lut2_v           | unisim
muxcy                | muxcy_v          | unisim
xorcy                | xorcy_v          | unisim
fdce                 | fdce_v           | unisim
fdc                  | fdc_v            | unisim
fd                   | fd_v             | unisim
vcc                  | vcc_v            | unisim
gnd                  | gnd_v            | unisim
fdp                  | fdp_v            | unisim
sync_reset           | rtl              | common_hdl
----------------------------------------------------

----------------------------------
Package             | Library   
----------------------------------
standard            | std
TEXTIO              | std
std_logic_1164      | ieee
NUMERIC_STD         | ieee
VCOMPONENTS         | unisim
VITAL_Timing        | ieee
Telops              | common_hdl
STD_LOGIC_TEXTIO    | ieee
std_logic_arith     | ieee
VITAL_Primitives    | ieee
VPKG                | unisim
STD_LOGIC_UNSIGNED  | ieee
telops_testing      | common_hdl
--------------------------------

---------------------------------------------
Configuration                   | Library  
---------------------------------------------
testbench_for_fp32tofix_16u_tb  | fp32tofix
-------------------------------------------
