HDL language for the peripheral (top level) design unit edk_obufds is vhdl ...
INFO:MDT - Create temparary xst project file:
   D:\telops\Common_HDL\edk_cores\MyProcessorIPLib\pcores/edk_obufds.prj
Compiling vhdl file "D:/telops/FIR-00142-RFILW/src/pcore/edk_obufds.vhd" in
Library edk_obufds.
Entity <edk_obufds> compiled.
Entity <edk_obufds> (Architecture <wrap>) compiled.


Analyzing HDL attributes ...
INFO:MDT - IPTYPE set to value : PERIPHERAL
INFO:MDT - IMP_NETLIST set to value : TRUE
INFO:MDT - HDL set to value : VHDL
WARNING:MDT - Unable to delete temparary project file
   D:\telops\Common_HDL\edk_cores\MyProcessorIPLib\pcores\edk_obufds.prj : 13
Copying file edk_obufds.vhd to
D:\telops\Common_HDL\edk_cores\MyProcessorIPLib\pcores/edk_obufds/hdl/vhdl/ ...

Thank you for using Create and Import Peripheral Wizard! Please find your
imported peripheral under
D:\telops\Common_HDL\edk_cores\MyProcessorIPLib\pcores\edk_obufds.

Summary:

  Logical library     : edk_obufds
  Version             : None
  Bus interface(s)    : None

The following sub-directories will be created:

  - edk_obufds\data
  - edk_obufds\hdl
  - edk_obufds\hdl\vhdl


The following HDL source files will be copied into the edk_obufds\hdl\vhdl
directory:

  - edk_obufds.vhd

The following files will be created under the edk_obufds\data directory:

  - edk_obufds_v2_1_0.mpd
  - edk_obufds_v2_1_0.pao


